<?xml version="1.0" encoding="utf-8"?><testsuites name="pytest tests"><testsuite name="pytest" errors="0" failures="0" skipped="0" tests="4" time="1.974" timestamp="2026-09-01T09:52:35.160060+00:00" hostname="agent-env-7247246b-186f-4bf8-ab0f-52a3f28e91c9"><testcase classname="tests.test_iteration6_features" name="test_health_workouts_requires_auth" time="0.498" /><testcase classname="tests.test_iteration6_features" name="test_sync_apple_health_workout_then_idempotent_upsert" time="0.627" /><testcase classname="tests.test_iteration6_features" name="test_fitbit_source_ignored" time="0.159" /><testcase classname="tests.test_iteration6_features" name="test_list_sorted_by_started_at_desc" time="0.257" /></testsuite></testsuites>