<?xml version="1.0" encoding="utf-8"?><testsuites name="pytest tests"><testsuite name="pytest" errors="0" failures="0" skipped="0" tests="11" time="4.986" timestamp="2026-09-01T10:26:45.092729+00:00" hostname="agent-env-7247246b-186f-4bf8-ab0f-52a3f28e91c9"><testcase classname="tests.test_iteration8_social" name="test_search_lea_returns_accepted" time="1.096" /><testcase classname="tests.test_iteration8_social" name="test_search_short_query_returns_empty" time="0.103" /><testcase classname="tests.test_iteration8_social" name="test_friend_request_accept_flow" time="1.150" /><testcase classname="tests.test_iteration8_social" name="test_self_request_rejected" time="0.191" /><testcase classname="tests.test_iteration8_social" name="test_friend_request_refuse_flow" time="0.664" /><testcase classname="tests.test_iteration8_social" name="test_leaderboard_week" time="0.091" /><testcase classname="tests.test_iteration8_social" name="test_leaderboard_month" time="0.083" /><testcase classname="tests.test_iteration8_social" name="test_leaderboard_invalid_period" time="0.182" /><testcase classname="tests.test_iteration8_social" name="test_friends_feed" time="0.124" /><testcase classname="tests.test_iteration8_social" name="test_notifications_badge_matches_pending" time="0.182" /><testcase classname="tests.test_iteration8_social" name="test_friend_run_access" time="0.770" /></testsuite></testsuites>