<?xml version="1.0" encoding="utf-8"?><testsuites name="pytest tests"><testsuite name="pytest" errors="0" failures="0" skipped="0" tests="10" time="9.377" timestamp="2026-08-31T16:24:17.373471+00:00" hostname="agent-env-7247246b-186f-4bf8-ab0f-52a3f28e91c9"><testcase classname="tests.test_iteration3_features.TestWeather" name="test_weather_valid_coords" time="0.841" /><testcase classname="tests.test_iteration3_features.TestRunAnalysis" name="test_run_analysis_returns_text" time="0.784" /><testcase classname="tests.test_iteration3_features.TestRunAnalysis" name="test_run_analysis_cached" time="0.038" /><testcase classname="tests.test_iteration3_features.TestRunAnalysis" name="test_run_analysis_unknown_run_404" time="0.083" /><testcase classname="tests.test_iteration3_features.TestWeather" name="test_weather_invalid_lat_422" time="0.044" /><testcase classname="tests.test_iteration3_features.TestWeather" name="test_weather_invalid_lon_422" time="0.087" /><testcase classname="tests.test_iteration3_features.TestWeeklyDebrief" name="test_debrief_returns_text" time="0.044" /><testcase classname="tests.test_iteration3_features.TestWeeklyDebrief" name="test_debrief_cached" time="0.069" /><testcase classname="tests.test_iteration3_features.TestWeather" name="test_weather_requires_auth" time="0.107" /><testcase classname="tests.test_iteration3_features.TestNutrition" name="test_nutrition_returns_advice" time="7.983" /></testsuite></testsuites>