<?xml version="1.0" encoding="utf-8"?><testsuites name="pytest tests"><testsuite name="pytest" errors="0" failures="0" skipped="0" tests="6" time="18.025" timestamp="2026-08-31T15:54:35.167895+00:00" hostname="agent-env-7247246b-186f-4bf8-ab0f-52a3f28e91c9"><testcase classname="tests.test_iteration2_features.TestRuns" name="test_get_seeded_run_has_route_and_splits" time="0.582" /><testcase classname="tests.test_iteration2_features.TestUpcoming" name="test_upcoming_returns_non_rest_sorted" time="0.619" /><testcase classname="tests.test_iteration2_features.TestRuns" name="test_get_unknown_run_404" time="0.076" /><testcase classname="tests.test_iteration2_features.TestUpcoming" name="test_upcoming_does_not_collide_with_sessions_id" time="0.125" /><testcase classname="tests.test_iteration2_features.TestRuns" name="test_post_run_stores_splits" time="0.079" /><testcase classname="tests.test_iteration2_features.TestAdapt" name="test_adapt_replaces_week" time="16.952" /></testsuite></testsuites>