<?xml version="1.0" encoding="utf-8"?><testsuites name="pytest tests"><testsuite name="pytest" errors="0" failures="0" skipped="0" tests="4" time="1.017" timestamp="2026-09-01T10:04:17.930913+00:00" hostname="agent-env-7247246b-186f-4bf8-ab0f-52a3f28e91c9"><testcase classname="tests.test_iteration7_circuits.TestCircuitsValidation" name="test_no_auth_returns_401" time="0.191" /><testcase classname="tests.test_iteration7_circuits.TestCircuitsValidation" name="test_invalid_lat_returns_422" time="0.409" /><testcase classname="tests.test_iteration7_circuits.TestCircuitsValidation" name="test_distance_out_of_range_returns_422" time="0.096" /><testcase classname="tests.test_iteration7_circuits.TestCircuitsGeneration" name="test_generate_returns_valid_circuits" time="0.266" /></testsuite></testsuites>