<?xml version="1.0" encoding="utf-8"?><testsuites name="pytest tests"><testsuite name="pytest" errors="0" failures="0" skipped="0" tests="16" time="10.946" timestamp="2026-08-31T16:50:19.135144+00:00" hostname="agent-env-7247246b-186f-4bf8-ab0f-52a3f28e91c9"><testcase classname="tests.test_iteration4_features.TestRouteWeather" name="test_route_weather_ok" time="0.611" /><testcase classname="tests.test_iteration4_features.TestGeoSearch" name="test_search_paris" time="0.821" /><testcase classname="tests.test_iteration4_features.TestRouteWeather" name="test_route_weather_cached_fast" time="0.074" /><testcase classname="tests.test_iteration4_features.TestRouteWeather" name="test_route_weather_invalid_lat_422" time="0.110" /><testcase classname="tests.test_iteration4_features.TestRouteWeather" name="test_route_weather_invalid_lon_422" time="0.090" /><testcase classname="tests.test_iteration4_features.TestGeoSearch" name="test_search_too_short_returns_empty" time="0.041" /><testcase classname="tests.test_iteration4_features.TestGeoSearch" name="test_search_empty_q_returns_empty" time="0.042" /><testcase classname="tests.test_iteration4_features.TestRouteWeather" name="test_route_weather_requires_auth" time="0.077" /><testcase classname="tests.test_iteration4_features.TestGeoSearch" name="test_search_requires_auth" time="0.121" /><testcase classname="tests.test_iteration4_features.TestRaceLocation" name="test_save_valid" time="0.045" /><testcase classname="tests.test_iteration4_features.TestRaceLocation" name="test_save_invalid_lat_422" time="0.079" /><testcase classname="tests.test_iteration4_features.TestRaceWeather" name="test_race_weather_returns_state" time="9.342" /><testcase classname="tests.test_iteration4_features.TestRaceLocation" name="test_save_invalid_lon_422" time="0.078" /><testcase classname="tests.test_iteration4_features.TestWeatherRegression" name="test_weather_current_has_wind_dir_deg" time="0.202" /><testcase classname="tests.test_iteration4_features.TestRaceWeather" name="test_race_weather_cached_fast" time="0.149" /><testcase classname="tests.test_iteration4_features.TestRaceWeather" name="test_race_weather_requires_auth" time="0.110" /></testsuite></testsuites>