<?xml version="1.0" encoding="utf-8"?><testsuites name="pytest tests"><testsuite name="pytest" errors="0" failures="0" skipped="0" tests="19" time="66.801" timestamp="2026-08-31T15:07:49.815917+00:00" hostname="agent-env-7247246b-186f-4bf8-ab0f-52a3f28e91c9"><testcase classname="tests.test_pace_api.TestPlanExisting" name="test_active_plan" time="0.713" /><testcase classname="tests.test_pace_api.TestPlanExisting" name="test_week_returns_seven" time="0.045" /><testcase classname="tests.test_pace_api.TestAuth" name="test_login_success" time="0.717" /><testcase classname="tests.test_pace_api.TestAuth" name="test_login_wrong_password" time="0.372" /><testcase classname="tests.test_pace_api.TestPlanExisting" name="test_session_get_complete_uncomplete" time="0.643" /><testcase classname="tests.test_pace_api.TestAuth" name="test_me_without_token" time="0.080" /><testcase classname="tests.test_pace_api.TestAuth" name="test_me_with_token" time="0.084" /><testcase classname="tests.test_pace_api.TestAuth" name="test_register_duplicate" time="0.042" /><testcase classname="tests.test_pace_api.TestRoutes" name="test_routes_requires_auth" time="0.043" /><testcase classname="tests.test_pace_api.TestRoutes" name="test_routes_returns_list" time="0.039" /><testcase classname="tests.test_pace_api.TestCoach" name="test_coach_history" time="0.048" /><testcase classname="tests.test_pace_api.TestPlanExisting" name="test_session_not_found" time="0.055" /><testcase classname="tests.test_pace_api.TestCoach" name="test_coach_chat" time="5.833" /><testcase classname="tests.test_pace_api.TestHomeStatsRuns" name="test_home_today" time="0.162" /><testcase classname="tests.test_pace_api.TestHomeStatsRuns" name="test_stats" time="0.043" /><testcase classname="tests.test_pace_api.TestHomeStatsRuns" name="test_runs_list" time="0.044" /><testcase classname="tests.test_pace_api.TestHomeStatsRuns" name="test_post_run_marks_session_complete" time="0.263" /><testcase classname="tests.test_pace_api.TestHealth" name="test_root" time="0.053" /><testcase classname="tests.test_pace_api.TestFreshUserFlow" name="test_full_new_user_flow" time="59.112" /></testsuite></testsuites>